Flow report for albouquet_lab1
Fri Jan 12 16:18:13 2024
Quartus Prime Version 18.1.0 Build 625 09/12/2018 SJ Lite Edition


---------------------
; Table of Contents ;
---------------------
  1. Legal Notice
  2. Flow Summary
  3. Flow Settings
  4. Flow Non-Default Global Settings
  5. Flow Elapsed Time
  6. Flow OS Summary
  7. Flow Log
  8. Flow Messages
  9. Flow Suppressed Messages



----------------
; Legal Notice ;
----------------
Copyright (C) 2018  Intel Corporation. All rights reserved.
Your use of Intel Corporation's design tools, logic functions 
and other software and tools, and its AMPP partner logic 
functions, and any output files from any of the foregoing 
(including device programming or simulation files), and any 
associated documentation or information are expressly subject 
to the terms and conditions of the Intel Program License 
Subscription Agreement, the Intel Quartus Prime License Agreement,
the Intel FPGA IP License Agreement, or other applicable license
agreement, including, without limitation, that your use is for
the sole purpose of programming logic devices manufactured by
Intel and sold by Intel or its authorized distributors.  Please
refer to the applicable agreement for further details.



+----------------------------------------------------------------------------------+
; Flow Summary                                                                     ;
+------------------------------------+---------------------------------------------+
; Flow Status                        ; Successful - Fri Jan 12 16:18:05 2024       ;
; Quartus Prime Version              ; 18.1.0 Build 625 09/12/2018 SJ Lite Edition ;
; Revision Name                      ; albouquet_lab1                              ;
; Top-level Entity Name              ; lab1                                        ;
; Family                             ; MAX 10                                      ;
; Device                             ; 10M50DAF484C7G                              ;
; Timing Models                      ; Final                                       ;
; Total logic elements               ; 1,776 / 49,760 ( 4 % )                      ;
;     Total combinational functions  ; 1,663 / 49,760 ( 3 % )                      ;
;     Dedicated logic registers      ; 939 / 49,760 ( 2 % )                        ;
; Total registers                    ; 939                                         ;
; Total pins                         ; 15 / 360 ( 4 % )                            ;
; Total virtual pins                 ; 0                                           ;
; Total memory bits                  ; 331,264 / 1,677,312 ( 20 % )                ;
; Embedded Multiplier 9-bit elements ; 0 / 288 ( 0 % )                             ;
; Total PLLs                         ; 0 / 4 ( 0 % )                               ;
; UFM blocks                         ; 0 / 1 ( 0 % )                               ;
; ADC blocks                         ; 0 / 2 ( 0 % )                               ;
+------------------------------------+---------------------------------------------+


+-----------------------------------------+
; Flow Settings                           ;
+-------------------+---------------------+
; Option            ; Setting             ;
+-------------------+---------------------+
; Start date & time ; 01/12/2024 16:16:11 ;
; Main task         ; Compilation         ;
; Revision Name     ; albouquet_lab1      ;
+-------------------+---------------------+


+--------------------------------------------------------------------------------------------------------------------------+
; Flow Non-Default Global Settings                                                                                         ;
+-------------------------------------+----------------------------------------+----------------+-------------+------------+
; Assignment Name                     ; Value                                  ; Default Value  ; Entity Name ; Section Id ;
+-------------------------------------+----------------------------------------+----------------+-------------+------------+
; COMPILER_SIGNATURE_ID               ; 145170075154.170507257110160           ; --             ; --          ; --         ;
; MAX_CORE_JUNCTION_TEMP              ; 85                                     ; --             ; --          ; --         ;
; MIN_CORE_JUNCTION_TEMP              ; 0                                      ; --             ; --          ; --         ;
; PARTITION_COLOR                     ; -- (Not supported for targeted family) ; --             ; lab1        ; Top        ;
; PARTITION_FITTER_PRESERVATION_LEVEL ; -- (Not supported for targeted family) ; --             ; lab1        ; Top        ;
; PARTITION_NETLIST_TYPE              ; -- (Not supported for targeted family) ; --             ; lab1        ; Top        ;
; POWER_BOARD_THERMAL_MODEL           ; None (CONSERVATIVE)                    ; --             ; --          ; --         ;
; POWER_PRESET_COOLING_SOLUTION       ; 23 MM HEAT SINK WITH 200 LFPM AIRFLOW  ; --             ; --          ; --         ;
; PROJECT_OUTPUT_DIRECTORY            ; output_files                           ; --             ; --          ; --         ;
; TOP_LEVEL_ENTITY                    ; lab1                                   ; albouquet_lab1 ; --          ; --         ;
+-------------------------------------+----------------------------------------+----------------+-------------+------------+


+--------------------------------------------------------------------------------------------------------------------------+
; Flow Elapsed Time                                                                                                        ;
+----------------------+--------------+-------------------------+---------------------+------------------------------------+
; Module Name          ; Elapsed Time ; Average Processors Used ; Peak Virtual Memory ; Total CPU Time (on all processors) ;
+----------------------+--------------+-------------------------+---------------------+------------------------------------+
; Analysis & Synthesis ; 00:01:25     ; 1.0                     ; 4894 MB             ; 00:02:31                           ;
; Fitter               ; 00:00:19     ; 1.2                     ; 5407 MB             ; 00:00:27                           ;
; Assembler            ; 00:00:04     ; 1.0                     ; 4692 MB             ; 00:00:05                           ;
; Timing Analyzer      ; 00:00:07     ; 1.4                     ; 4820 MB             ; 00:00:08                           ;
; Total                ; 00:01:55     ; --                      ; --                  ; 00:03:11                           ;
+----------------------+--------------+-------------------------+---------------------+------------------------------------+


+------------------------------------------------------------------------------------+
; Flow OS Summary                                                                    ;
+----------------------+------------------+------------+------------+----------------+
; Module Name          ; Machine Hostname ; OS Name    ; OS Version ; Processor type ;
+----------------------+------------------+------------+------------+----------------+
; Analysis & Synthesis ; COMPUTER1        ; Windows 10 ; 10.0       ; x86_64         ;
; Fitter               ; COMPUTER1        ; Windows 10 ; 10.0       ; x86_64         ;
; Assembler            ; COMPUTER1        ; Windows 10 ; 10.0       ; x86_64         ;
; Timing Analyzer      ; COMPUTER1        ; Windows 10 ; 10.0       ; x86_64         ;
+----------------------+------------------+------------+------------+----------------+


------------
; Flow Log ;
------------
quartus_map --read_settings_files=on --write_settings_files=off albouquet_lab1 -c albouquet_lab1
quartus_fit --read_settings_files=off --write_settings_files=off albouquet_lab1 -c albouquet_lab1
quartus_asm --read_settings_files=off --write_settings_files=off albouquet_lab1 -c albouquet_lab1
quartus_sta albouquet_lab1 -c albouquet_lab1



